================================================================================
Appcelerator Titanium Diagnostics Build Log
The contents of this file are useful to send to Appcelerator Support if
reporting an issue to help us understand your environment, build settings
and aid in debugging. Please attach this log to any issue that you report.
================================================================================

Starting build at 05/12/11 13:35

Build details:

   timestamp=03/28/11 17:49
   version=1.7.0
   githash=83d31dd


Script arguments:
   /Library/Application Support/Titanium/mobilesdk/osx/1.7.0/iphone/builder.py
   simulator
   "4.2"
   "/Users/mattschmulen/trees/jumptack/crossfit/crossfitMobile"
   com.jumptack.crossfit
   "crossfitMobile"
   iphone

Building from: /Library/Application Support/Titanium/mobilesdk/osx/1.7.0/iphone
Platform: Darwin Kernel Version 10.7.0: Sat Jan 29 15:17:16 PST 2011; root:xnu-1504.9.37~1/RELEASE_I386

Xcode path is: /Developer


githash=83d31dd, existing_git_hash=83d31dd
writing contents of /Users/mattschmulen/trees/jumptack/crossfit/crossfitMobile/build/iphone/project.xcconfig:

TI_VERSION=1.7.0
TI_SDK_DIR=/Library/Application Support/Titanium/mobilesdk/osx/$(TI_VERSION)/iphone
TI_APPID=com.jumptack.crossfit
OTHER_LDFLAGS[sdk=iphoneos4*]=$(inherited) -weak_framework iAd
OTHER_LDFLAGS[sdk=iphonesimulator4*]=$(inherited) -weak_framework iAd
#include "module"

old contents


+ writing debugger plist:

<?xml version="1.0" encoding="UTF-8"?>
<!DOCTYPE plist PUBLIC "-//Apple//DTD PLIST 1.0//EN" "http://www.apple.com/DTDs/PropertyList-1.0.dtd">
<plist version="1.0">
<dict>
	<key>host</key>
	<string></string>
	<key>port</key>
	<string></string>
</dict>
</plist>


Generated the following stylecode code:

<?xml version="1.0" encoding="UTF-8"?>
<!DOCTYPE plist PUBLIC "-//Apple//DTD PLIST 1.0//EN" "http://www.apple.com/DTDs/PropertyList-1.0.dtd">
<plist version="1.0">
	<dict>
		<key>classes</key>
		<dict>
</dict>

		<key>classes_density</key>
		<dict>
</dict>

		<key>ids</key>
		<dict>
</dict>

		<key>ids_density</key>
		<dict>
</dict>

	</dict>
</plist>
Finishing build
